<html>
<head>
<title>TestNG:  ClassificationTest-H</title>
<link href="../testng.css" rel="stylesheet" type="text/css" />
<link href="../my-testng.css" rel="stylesheet" type="text/css" />

<style type="text/css">
.log { display: none;} 
.stack-trace { display: none;} 
</style>
<script type="text/javascript">
<!--
function flip(e) {
  current = e.style.display;
  if (current == 'block') {
    e.style.display = 'none';
    return 0;
  }
  else {
    e.style.display = 'block';
    return 1;
  }
}

function toggleBox(szDivId, elem, msg1, msg2)
{
  var res = -1;  if (document.getElementById) {
    res = flip(document.getElementById(szDivId));
  }
  else if (document.all) {
    // this is the way old msie versions work
    res = flip(document.all[szDivId]);
  }
  if(elem) {
    if(res == 0) elem.innerHTML = msg1; else elem.innerHTML = msg2;
  }

}

function toggleAllBoxes() {
  if (document.getElementsByTagName) {
    d = document.getElementsByTagName('div');
    for (i = 0; i < d.length; i++) {
      if (d[i].className == 'log') {
        flip(d[i]);
      }
    }
  }
}

// -->
</script>

</head>
<body>
<h2 align='center'>ClassificationTest-H</h2><table border='1' align="center">
<tr>
<td>Tests passed/Failed/Skipped:</td><td>19/1/0</td>
</tr><tr>
<td>Started on:</td><td>Mon Apr 08 15:07:27 IST 2019</td>
</tr>
<tr><td>Total time:</td><td>809 seconds (809421 ms)</td>
</tr><tr>
<td>Included groups:</td><td></td>
</tr><tr>
<td>Excluded groups:</td><td></td>
</tr>
</table><p/>
<small><i>(Hover the method name to see the test class name)</i></small><p/>
<table width='100%' border='1' class='invocation-failed'>
<tr><td colspan='4' align='center'><b>FAILED TESTS</b></td></tr>
<tr><td><b>Test method</b></td>
<td width="30%"><b>Exception</b></td>
<td width="10%"><b>Time (seconds)</b></td>
<td><b>Instance</b></td>
</tr>
<tr>
<td title='com.profiler.classification.Brand2.verifyBrandDelFromClassification()'><b>verifyBrandDelFromClassification</b><br>Test class: com.profiler.classification.Brand2</td>
<td><div><pre>org.openqa.selenium.InvalidSelectorException: invalid selector: Unable to locate an element with the xpath expression //*[@id=&apos;classificationDiv&apos;]/table/tbody/tr/td[2]/following::div[@id=&apos;highlightkeyword&apos;]/following::img)[1] because of the following error:
SyntaxError: Failed to execute &apos;evaluate&apos; on &apos;Document&apos;: The string &apos;//*[@id=&apos;classificationDiv&apos;]/table/tbody/tr/td[2]/following::div[@id=&apos;highlightkeyword&apos;]/following::img)[1]&apos; is not a valid XPath expression.
  (Session info: chrome=73.0.3683.86)
  (Driver info: chromedriver=2.36.540470 (e522d04694c7ebea4ba8821272dbef4f9b818c91),platform=Windows NT 6.1.7601 SP1 x86_64) (WARNING: The server did not provide any stacktrace information)
Command duration or timeout: 0 milliseconds
For documentation on this error, please visit: http://seleniumhq.org/exceptions/invalid_selector_exception.html
Build info: version: &apos;3.14.0&apos;, revision: &apos;aacccce0&apos;, time: &apos;2018-08-02T20:19:58.91Z&apos;
System info: host: &apos;NGD24116&apos;, ip: &apos;10.222.79.40&apos;, os.name: &apos;Windows 7&apos;, os.arch: &apos;amd64&apos;, os.version: &apos;6.1&apos;, java.version: &apos;1.8.0_72&apos;
Driver info: org.openqa.selenium.chrome.ChromeDriver
Capabilities {acceptInsecureCerts: false, acceptSslCerts: false, applicationCacheEnabled: false, browserConnectionEnabled: false, browserName: chrome, chrome: {chromedriverVersion: 2.36.540470 (e522d04694c7eb..., userDataDir: C:\Users\SUVI_W~1\AppData\L...}, cssSelectorsEnabled: true, databaseEnabled: false, handlesAlerts: true, hasTouchScreen: false, javascriptEnabled: true, locationContextEnabled: true, mobileEmulationEnabled: false, nativeEvents: true, networkConnectionEnabled: false, pageLoadStrategy: normal, platform: XP, platformName: XP, rotatable: false, setWindowRect: true, takesHeapSnapshot: true, takesScreenshot: true, unexpectedAlertBehaviour: , unhandledPromptBehavior: , version: 73.0.3683.86, webStorageEnabled: true}
Session ID: 46f59107f046404d49486c49fe4e1416
*** Element info: {Using=xpath, value=//*[@id=&apos;classificationDiv&apos;]/table/tbody/tr/td[2]/following::div[@id=&apos;highlightkeyword&apos;]/following::img)[1]}
	at org.openqa.selenium.remote.ErrorHandler.createThrowable(ErrorHandler.java:214)
	at org.openqa.selenium.remote.ErrorHandler.throwIfResponseFailed(ErrorHandler.java:166)
	at org.openqa.selenium.remote.http.JsonHttpResponseCodec.reconstructValue(JsonHttpResponseCodec.java:40)
	at org.openqa.selenium.remote.http.AbstractHttpResponseCodec.decode(AbstractHttpResponseCodec.java:80)
	at org.openqa.selenium.remote.http.AbstractHttpResponseCodec.decode(AbstractHttpResponseCodec.java:44)
	at org.openqa.selenium.remote.HttpCommandExecutor.execute(HttpCommandExecutor.java:158)
	at org.openqa.selenium.remote.service.DriverCommandExecutor.execute(DriverCommandExecutor.java:83)
	at org.openqa.selenium.remote.RemoteWebDriver.execute(RemoteWebDriver.java:548)
	at org.openqa.selenium.remote.RemoteWebDriver.findElement(RemoteWebDriver.java:322)
	at org.openqa.selenium.remote.RemoteWebDriver.findElementByXPath(RemoteWebDriver.java:424)
	at org.openqa.selenium.By$ByXPath.findElement(By.java:353)
	at org.openqa.selenium.remote.RemoteWebDriver.findElement(RemoteWebDriver.java:314)
	at com.profiler.classification.Brand2.verifyBrandDelFromClassification(Brand2.java:289)
... Removed 28 stack frames</pre></div><a href='#' onClick='toggleBox("stack-trace1072499716", this, "Click to show all stack frames", "Click to hide stack frames")'>Click to show all stack frames</a>
<div class='stack-trace' id='stack-trace1072499716'><pre>org.openqa.selenium.InvalidSelectorException: invalid selector: Unable to locate an element with the xpath expression //*[@id=&apos;classificationDiv&apos;]/table/tbody/tr/td[2]/following::div[@id=&apos;highlightkeyword&apos;]/following::img)[1] because of the following error:
SyntaxError: Failed to execute &apos;evaluate&apos; on &apos;Document&apos;: The string &apos;//*[@id=&apos;classificationDiv&apos;]/table/tbody/tr/td[2]/following::div[@id=&apos;highlightkeyword&apos;]/following::img)[1]&apos; is not a valid XPath expression.
  (Session info: chrome=73.0.3683.86)
  (Driver info: chromedriver=2.36.540470 (e522d04694c7ebea4ba8821272dbef4f9b818c91),platform=Windows NT 6.1.7601 SP1 x86_64) (WARNING: The server did not provide any stacktrace information)
Command duration or timeout: 0 milliseconds
For documentation on this error, please visit: http://seleniumhq.org/exceptions/invalid_selector_exception.html
Build info: version: &apos;3.14.0&apos;, revision: &apos;aacccce0&apos;, time: &apos;2018-08-02T20:19:58.91Z&apos;
System info: host: &apos;NGD24116&apos;, ip: &apos;10.222.79.40&apos;, os.name: &apos;Windows 7&apos;, os.arch: &apos;amd64&apos;, os.version: &apos;6.1&apos;, java.version: &apos;1.8.0_72&apos;
Driver info: org.openqa.selenium.chrome.ChromeDriver
Capabilities {acceptInsecureCerts: false, acceptSslCerts: false, applicationCacheEnabled: false, browserConnectionEnabled: false, browserName: chrome, chrome: {chromedriverVersion: 2.36.540470 (e522d04694c7eb..., userDataDir: C:\Users\SUVI_W~1\AppData\L...}, cssSelectorsEnabled: true, databaseEnabled: false, handlesAlerts: true, hasTouchScreen: false, javascriptEnabled: true, locationContextEnabled: true, mobileEmulationEnabled: false, nativeEvents: true, networkConnectionEnabled: false, pageLoadStrategy: normal, platform: XP, platformName: XP, rotatable: false, setWindowRect: true, takesHeapSnapshot: true, takesScreenshot: true, unexpectedAlertBehaviour: , unhandledPromptBehavior: , version: 73.0.3683.86, webStorageEnabled: true}
Session ID: 46f59107f046404d49486c49fe4e1416
*** Element info: {Using=xpath, value=//*[@id=&apos;classificationDiv&apos;]/table/tbody/tr/td[2]/following::div[@id=&apos;highlightkeyword&apos;]/following::img)[1]}
	at sun.reflect.NativeConstructorAccessorImpl.newInstance0(Native Method)
	at sun.reflect.NativeConstructorAccessorImpl.newInstance(NativeConstructorAccessorImpl.java:62)
	at sun.reflect.DelegatingConstructorAccessorImpl.newInstance(DelegatingConstructorAccessorImpl.java:45)
	at java.lang.reflect.Constructor.newInstance(Constructor.java:423)
	at org.openqa.selenium.remote.ErrorHandler.createThrowable(ErrorHandler.java:214)
	at org.openqa.selenium.remote.ErrorHandler.throwIfResponseFailed(ErrorHandler.java:166)
	at org.openqa.selenium.remote.http.JsonHttpResponseCodec.reconstructValue(JsonHttpResponseCodec.java:40)
	at org.openqa.selenium.remote.http.AbstractHttpResponseCodec.decode(AbstractHttpResponseCodec.java:80)
	at org.openqa.selenium.remote.http.AbstractHttpResponseCodec.decode(AbstractHttpResponseCodec.java:44)
	at org.openqa.selenium.remote.HttpCommandExecutor.execute(HttpCommandExecutor.java:158)
	at org.openqa.selenium.remote.service.DriverCommandExecutor.execute(DriverCommandExecutor.java:83)
	at org.openqa.selenium.remote.RemoteWebDriver.execute(RemoteWebDriver.java:548)
	at org.openqa.selenium.remote.RemoteWebDriver.findElement(RemoteWebDriver.java:322)
	at org.openqa.selenium.remote.RemoteWebDriver.findElementByXPath(RemoteWebDriver.java:424)
	at org.openqa.selenium.By$ByXPath.findElement(By.java:353)
	at org.openqa.selenium.remote.RemoteWebDriver.findElement(RemoteWebDriver.java:314)
	at com.profiler.classification.Brand2.verifyBrandDelFromClassification(Brand2.java:289)
	at sun.reflect.NativeMethodAccessorImpl.invoke0(Native Method)
	at sun.reflect.NativeMethodAccessorImpl.invoke(NativeMethodAccessorImpl.java:62)
	at sun.reflect.DelegatingMethodAccessorImpl.invoke(DelegatingMethodAccessorImpl.java:43)
	at java.lang.reflect.Method.invoke(Method.java:498)
	at org.testng.internal.MethodInvocationHelper.invokeMethod(MethodInvocationHelper.java:86)
	at org.testng.internal.Invoker.invokeMethod(Invoker.java:645)
	at org.testng.internal.Invoker.invokeTestMethod(Invoker.java:822)
	at org.testng.internal.Invoker.invokeTestMethods(Invoker.java:1130)
	at org.testng.internal.TestMethodWorker.invokeTestMethods(TestMethodWorker.java:129)
	at org.testng.internal.TestMethodWorker.run(TestMethodWorker.java:112)
	at org.testng.TestRunner.privateRun(TestRunner.java:782)
	at org.testng.TestRunner.run(TestRunner.java:632)
	at org.testng.SuiteRunner.runTest(SuiteRunner.java:366)
	at org.testng.SuiteRunner.runSequentially(SuiteRunner.java:361)
	at org.testng.SuiteRunner.privateRun(SuiteRunner.java:319)
	at org.testng.SuiteRunner.run(SuiteRunner.java:268)
	at org.testng.SuiteRunnerWorker.runSuite(SuiteRunnerWorker.java:52)
	at org.testng.SuiteRunnerWorker.run(SuiteRunnerWorker.java:86)
	at org.testng.TestNG.runSuitesSequentially(TestNG.java:1244)
	at org.testng.TestNG.runSuitesLocally(TestNG.java:1169)
	at org.testng.TestNG.run(TestNG.java:1064)
	at org.testng.remote.RemoteTestNG.run(RemoteTestNG.java:113)
	at org.testng.remote.RemoteTestNG.initAndRun(RemoteTestNG.java:206)
	at org.testng.remote.RemoteTestNG.main(RemoteTestNG.java:177)
</pre></div></td>
<td>29</td>
<td>com.profiler.classification.Brand2@606e4010</td></tr>
</table><p>
<table width='100%' border='1' class='invocation-passed'>
<tr><td colspan='4' align='center'><b>PASSED TESTS</b></td></tr>
<tr><td><b>Test method</b></td>
<td width="30%"><b>Exception</b></td>
<td width="10%"><b>Time (seconds)</b></td>
<td><b>Instance</b></td>
</tr>
<tr>
<td title='com.profiler.classification.Brand1.addBrand()'><b>addBrand</b><br>Test class: com.profiler.classification.Brand1</td>
<td></td>
<td>66</td>
<td>com.profiler.classification.Brand1@18271936</td></tr>
<tr>
<td title='com.profiler.classification.Brand2.addBrand()'><b>addBrand</b><br>Test class: com.profiler.classification.Brand2</td>
<td></td>
<td>55</td>
<td>com.profiler.classification.Brand2@606e4010</td></tr>
<tr>
<td title='com.profiler.classification.Brand1.deleteBrand()'><b>deleteBrand</b><br>Test class: com.profiler.classification.Brand1</td>
<td></td>
<td>38</td>
<td>com.profiler.classification.Brand1@18271936</td></tr>
<tr>
<td title='com.profiler.classification.Brand2.deleteBrand()'><b>deleteBrand</b><br>Test class: com.profiler.classification.Brand2</td>
<td></td>
<td>28</td>
<td>com.profiler.classification.Brand2@606e4010</td></tr>
<tr>
<td title='com.profiler.classification.ProfileRoleTest.testCreateProfileRole()'><b>testCreateProfileRole</b><br>Test class: com.profiler.classification.ProfileRoleTest</td>
<td></td>
<td>57</td>
<td>com.profiler.classification.ProfileRoleTest@8458f04</td></tr>
<tr>
<td title='com.profiler.classification.TherapeuticAreaTest.testCreateTherapeuticArea()'><b>testCreateTherapeuticArea</b><br>Test class: com.profiler.classification.TherapeuticAreaTest</td>
<td></td>
<td>48</td>
<td>com.profiler.classification.TherapeuticAreaTest@48075da3</td></tr>
<tr>
<td title='com.profiler.classification.ProfileRoleTest.testDeleteProfileRole()'><b>testDeleteProfileRole</b><br>Test class: com.profiler.classification.ProfileRoleTest</td>
<td></td>
<td>47</td>
<td>com.profiler.classification.ProfileRoleTest@8458f04</td></tr>
<tr>
<td title='com.profiler.classification.TherapeuticAreaTest.testDeleteTherapeuticArea()'><b>testDeleteTherapeuticArea</b><br>Test class: com.profiler.classification.TherapeuticAreaTest</td>
<td></td>
<td>49</td>
<td>com.profiler.classification.TherapeuticAreaTest@48075da3</td></tr>
<tr>
<td title='com.profiler.classification.ProfileRoleTest.testEditProfileRole()'><b>testEditProfileRole</b><br>Test class: com.profiler.classification.ProfileRoleTest</td>
<td></td>
<td>0</td>
<td>com.profiler.classification.ProfileRoleTest@8458f04</td></tr>
<tr>
<td title='com.profiler.classification.TherapeuticAreaTest.testEditTherapeuticArea()'><b>testEditTherapeuticArea</b><br>Test class: com.profiler.classification.TherapeuticAreaTest</td>
<td></td>
<td>0</td>
<td>com.profiler.classification.TherapeuticAreaTest@48075da3</td></tr>
<tr>
<td title='com.profiler.classification.ProfileRoleTest.testMultipleProfileRolesDelete()'><b>testMultipleProfileRolesDelete</b><br>Test class: com.profiler.classification.ProfileRoleTest</td>
<td></td>
<td>0</td>
<td>com.profiler.classification.ProfileRoleTest@8458f04</td></tr>
<tr>
<td title='com.profiler.classification.TherapeuticAreaTest.testMultipleTherapeuticAreasDelete()'><b>testMultipleTherapeuticAreasDelete</b><br>Test class: com.profiler.classification.TherapeuticAreaTest</td>
<td></td>
<td>0</td>
<td>com.profiler.classification.TherapeuticAreaTest@48075da3</td></tr>
<tr>
<td title='com.profiler.classification.Brand1.verifyBrand()'><b>verifyBrand</b><br>Test class: com.profiler.classification.Brand1</td>
<td></td>
<td>33</td>
<td>com.profiler.classification.Brand1@18271936</td></tr>
<tr>
<td title='com.profiler.classification.Brand2.verifyBrand()'><b>verifyBrand</b><br>Test class: com.profiler.classification.Brand2</td>
<td></td>
<td>83</td>
<td>com.profiler.classification.Brand2@606e4010</td></tr>
<tr>
<td title='com.profiler.classification.Brand1.verifyBrandDelFromClassification()'><b>verifyBrandDelFromClassification</b><br>Test class: com.profiler.classification.Brand1</td>
<td></td>
<td>44</td>
<td>com.profiler.classification.Brand1@18271936</td></tr>
<tr>
<td title='com.profiler.classification.Brand1.verifyBrandDelFromProfile()'><b>verifyBrandDelFromProfile</b><br>Test class: com.profiler.classification.Brand1</td>
<td></td>
<td>60</td>
<td>com.profiler.classification.Brand1@18271936</td></tr>
<tr>
<td title='com.profiler.classification.Brand2.verifyBrandDelFromProfile()'><b>verifyBrandDelFromProfile</b><br>Test class: com.profiler.classification.Brand2</td>
<td></td>
<td>71</td>
<td>com.profiler.classification.Brand2@606e4010</td></tr>
<tr>
<td title='com.profiler.classification.Brand1.verifyBrndProfile()'><b>verifyBrndProfile</b><br>Test class: com.profiler.classification.Brand1</td>
<td></td>
<td>35</td>
<td>com.profiler.classification.Brand1@18271936</td></tr>
<tr>
<td title='com.profiler.classification.Brand2.verifyBrndProfile()'><b>verifyBrndProfile</b><br>Test class: com.profiler.classification.Brand2</td>
<td></td>
<td>32</td>
<td>com.profiler.classification.Brand2@606e4010</td></tr>
</table><p>
</body>
</html>