<?xml version="1.0" encoding="UTF-8"?>
<!-- Generated by org.testng.reporters.JUnitXMLReporter -->
<testsuite hostname="NGD24116" name="ClassificationTest-H" tests="20" failures="1" timestamp="8 Apr 2019 09:50:56 GMT" time="809.421" errors="0">
  <testcase name="addBrand" time="66.278" classname="com.profiler.classification.Brand1"/>
  <testcase name="verifyBrand" time="33.994" classname="com.profiler.classification.Brand1"/>
  <testcase name="verifyBrndProfile" time="35.52" classname="com.profiler.classification.Brand1"/>
  <testcase name="deleteBrand" time="38.511" classname="com.profiler.classification.Brand1"/>
  <testcase name="verifyBrandDelFromClassification" time="44.431" classname="com.profiler.classification.Brand1"/>
  <testcase name="verifyBrandDelFromProfile" time="60.372" classname="com.profiler.classification.Brand1"/>
  <testcase name="addBrand" time="55.219" classname="com.profiler.classification.Brand2"/>
  <testcase name="verifyBrand" time="83.069" classname="com.profiler.classification.Brand2"/>
  <testcase name="verifyBrndProfile" time="32.37" classname="com.profiler.classification.Brand2"/>
  <testcase name="deleteBrand" time="28.871" classname="com.profiler.classification.Brand2"/>
  <testcase name="verifyBrandDelFromClassification" time="29.721" classname="com.profiler.classification.Brand2">
    <failure type="org.openqa.selenium.InvalidSelectorException" message="invalid selector: Unable to locate an element with the xpath expression //*[@id=&amp;apos;classificationDiv&amp;apos;]/table/tbody/tr/td[2]/following::div[@id=&amp;apos;highlightkeyword&amp;apos;]/following::img)[1] because of the following error:
SyntaxError: Failed to execute &amp;apos;evaluate&amp;apos; on &amp;apos;Document&amp;apos;: The string &amp;apos;//*[@id=&amp;apos;classificationDiv&amp;apos;]/table/tbody/tr/td[2]/following::div[@id=&amp;apos;highlightkeyword&amp;apos;]/following::img)[1]&amp;apos; is not a valid XPath expression.
  (Session info: chrome=73.0.3683.86)
  (Driver info: chromedriver=2.36.540470 (e522d04694c7ebea4ba8821272dbef4f9b818c91),platform=Windows NT 6.1.7601 SP1 x86_64) (WARNING: The server did not provide any stacktrace information)
Command duration or timeout: 0 milliseconds
For documentation on this error, please visit: http://seleniumhq.org/exceptions/invalid_selector_exception.html
Build info: version: &amp;apos;3.14.0&amp;apos;, revision: &amp;apos;aacccce0&amp;apos;, time: &amp;apos;2018-08-02T20:19:58.91Z&amp;apos;
System info: host: &amp;apos;NGD24116&amp;apos;, ip: &amp;apos;10.222.79.40&amp;apos;, os.name: &amp;apos;Windows 7&amp;apos;, os.arch: &amp;apos;amd64&amp;apos;, os.version: &amp;apos;6.1&amp;apos;, java.version: &amp;apos;1.8.0_72&amp;apos;
Driver info: org.openqa.selenium.chrome.ChromeDriver
Capabilities {acceptInsecureCerts: false, acceptSslCerts: false, applicationCacheEnabled: false, browserConnectionEnabled: false, browserName: chrome, chrome: {chromedriverVersion: 2.36.540470 (e522d04694c7eb..., userDataDir: C:\Users\SUVI_W~1\AppData\L...}, cssSelectorsEnabled: true, databaseEnabled: false, handlesAlerts: true, hasTouchScreen: false, javascriptEnabled: true, locationContextEnabled: true, mobileEmulationEnabled: false, nativeEvents: true, networkConnectionEnabled: false, pageLoadStrategy: normal, platform: XP, platformName: XP, rotatable: false, setWindowRect: true, takesHeapSnapshot: true, takesScreenshot: true, unexpectedAlertBehaviour: , unhandledPromptBehavior: , version: 73.0.3683.86, webStorageEnabled: true}
Session ID: 46f59107f046404d49486c49fe4e1416
*** Element info: {Using=xpath, value=//*[@id=&amp;apos;classificationDiv&amp;apos;]/table/tbody/tr/td[2]/following::div[@id=&amp;apos;highlightkeyword&amp;apos;]/following::img)[1]}">
      <![CDATA[org.openqa.selenium.InvalidSelectorException: invalid selector: Unable to locate an element with the xpath expression //*[@id='classificationDiv']/table/tbody/tr/td[2]/following::div[@id='highlightkeyword']/following::img)[1] because of the following error:
SyntaxError: Failed to execute 'evaluate' on 'Document': The string '//*[@id='classificationDiv']/table/tbody/tr/td[2]/following::div[@id='highlightkeyword']/following::img)[1]' is not a valid XPath expression.
  (Session info: chrome=73.0.3683.86)
  (Driver info: chromedriver=2.36.540470 (e522d04694c7ebea4ba8821272dbef4f9b818c91),platform=Windows NT 6.1.7601 SP1 x86_64) (WARNING: The server did not provide any stacktrace information)
Command duration or timeout: 0 milliseconds
For documentation on this error, please visit: http://seleniumhq.org/exceptions/invalid_selector_exception.html
Build info: version: '3.14.0', revision: 'aacccce0', time: '2018-08-02T20:19:58.91Z'
System info: host: 'NGD24116', ip: '10.222.79.40', os.name: 'Windows 7', os.arch: 'amd64', os.version: '6.1', java.version: '1.8.0_72'
Driver info: org.openqa.selenium.chrome.ChromeDriver
Capabilities {acceptInsecureCerts: false, acceptSslCerts: false, applicationCacheEnabled: false, browserConnectionEnabled: false, browserName: chrome, chrome: {chromedriverVersion: 2.36.540470 (e522d04694c7eb..., userDataDir: C:\Users\SUVI_W~1\AppData\L...}, cssSelectorsEnabled: true, databaseEnabled: false, handlesAlerts: true, hasTouchScreen: false, javascriptEnabled: true, locationContextEnabled: true, mobileEmulationEnabled: false, nativeEvents: true, networkConnectionEnabled: false, pageLoadStrategy: normal, platform: XP, platformName: XP, rotatable: false, setWindowRect: true, takesHeapSnapshot: true, takesScreenshot: true, unexpectedAlertBehaviour: , unhandledPromptBehavior: , version: 73.0.3683.86, webStorageEnabled: true}
Session ID: 46f59107f046404d49486c49fe4e1416
*** Element info: {Using=xpath, value=//*[@id='classificationDiv']/table/tbody/tr/td[2]/following::div[@id='highlightkeyword']/following::img)[1]}
	at org.openqa.selenium.remote.ErrorHandler.createThrowable(ErrorHandler.java:214)
	at org.openqa.selenium.remote.ErrorHandler.throwIfResponseFailed(ErrorHandler.java:166)
	at org.openqa.selenium.remote.http.JsonHttpResponseCodec.reconstructValue(JsonHttpResponseCodec.java:40)
	at org.openqa.selenium.remote.http.AbstractHttpResponseCodec.decode(AbstractHttpResponseCodec.java:80)
	at org.openqa.selenium.remote.http.AbstractHttpResponseCodec.decode(AbstractHttpResponseCodec.java:44)
	at org.openqa.selenium.remote.HttpCommandExecutor.execute(HttpCommandExecutor.java:158)
	at org.openqa.selenium.remote.service.DriverCommandExecutor.execute(DriverCommandExecutor.java:83)
	at org.openqa.selenium.remote.RemoteWebDriver.execute(RemoteWebDriver.java:548)
	at org.openqa.selenium.remote.RemoteWebDriver.findElement(RemoteWebDriver.java:322)
	at org.openqa.selenium.remote.RemoteWebDriver.findElementByXPath(RemoteWebDriver.java:424)
	at org.openqa.selenium.By$ByXPath.findElement(By.java:353)
	at org.openqa.selenium.remote.RemoteWebDriver.findElement(RemoteWebDriver.java:314)
	at com.profiler.classification.Brand2.verifyBrandDelFromClassification(Brand2.java:289)
... Removed 28 stack frames]]>
    </failure>
  </testcase> <!-- verifyBrandDelFromClassification -->
  <testcase name="verifyBrandDelFromProfile" time="71.735" classname="com.profiler.classification.Brand2"/>
  <testcase name="testCreateProfileRole" time="57.168" classname="com.profiler.classification.ProfileRoleTest"/>
  <testcase name="testDeleteProfileRole" time="47.282" classname="com.profiler.classification.ProfileRoleTest"/>
  <testcase name="testEditProfileRole" time="0.053" classname="com.profiler.classification.ProfileRoleTest"/>
  <testcase name="testMultipleProfileRolesDelete" time="0.026" classname="com.profiler.classification.ProfileRoleTest"/>
  <testcase name="testCreateTherapeuticArea" time="48.301" classname="com.profiler.classification.TherapeuticAreaTest"/>
  <testcase name="testDeleteTherapeuticArea" time="49.338" classname="com.profiler.classification.TherapeuticAreaTest"/>
  <testcase name="testEditTherapeuticArea" time="0.028" classname="com.profiler.classification.TherapeuticAreaTest"/>
  <testcase name="testMultipleTherapeuticAreasDelete" time="0.028" classname="com.profiler.classification.TherapeuticAreaTest"/>
</testsuite> <!-- ClassificationTest-H -->
