<?xml version="1.0" encoding="UTF-8"?>
<!-- Generated by org.testng.reporters.JUnitXMLReporter -->
<testsuite hostname="NGD24116" name="Users-RolesTest" tests="7" failures="4" timestamp="8 Apr 2019 09:12:50 GMT" time="1156.8" errors="0">
  <testcase name="testCreateUser" time="201.861" classname="com.profiler.scripts.UserManager"/>
  <testcase name="testSearchUser" time="109.438" classname="com.profiler.scripts.UserManager">
    <failure type="org.openqa.selenium.TimeoutException" message="Expected condition failed: waiting for visibility of element located by By.xpath: //input[@type=&amp;apos;text&amp;apos; and @id=&amp;apos;keyword&amp;apos;] (tried for 40 second(s) with 500 milliseconds interval)">
      <![CDATA[org.openqa.selenium.TimeoutException: Expected condition failed: waiting for visibility of element located by By.xpath: //input[@type='text' and @id='keyword'] (tried for 40 second(s) with 500 milliseconds interval)
	at org.openqa.selenium.support.ui.WebDriverWait.timeoutException(WebDriverWait.java:81)
	at org.openqa.selenium.support.ui.FluentWait.until(FluentWait.java:271)
	at com.profiler.utils.AppUtil.searchUserFromToolsPage(AppUtil.java:597)
	at com.profiler.scripts.UserManager.testSearchUser(UserManager.java:72)
Caused by: org.openqa.selenium.NoSuchElementException: Cannot locate an element using By.xpath: //input[@type='text' and @id='keyword']
For documentation on this error, please visit: http://seleniumhq.org/exceptions/no_such_element.html
Build info: version: '3.14.0', revision: 'aacccce0', time: '2018-08-02T20:19:58.91Z'
System info: host: 'NGD24116', ip: '10.222.79.40', os.name: 'Windows 7', os.arch: 'amd64', os.version: '6.1', java.version: '1.8.0_72'
Driver info: driver.version: unknown
	at org.openqa.selenium.support.ui.ExpectedConditions.lambda$findElement$0(ExpectedConditions.java:896)
	at java.util.Optional.orElseThrow(Optional.java:290)
	at org.openqa.selenium.support.ui.ExpectedConditions.findElement(ExpectedConditions.java:895)
	at org.openqa.selenium.support.ui.ExpectedConditions.access$000(ExpectedConditions.java:44)
	at org.openqa.selenium.support.ui.ExpectedConditions$7.apply(ExpectedConditions.java:206)
	at org.openqa.selenium.support.ui.ExpectedConditions$7.apply(ExpectedConditions.java:202)
	at org.openqa.selenium.support.ui.FluentWait.until(FluentWait.java:248)
	... 26 more
... Removed 24 stack frames]]>
    </failure>
  </testcase> <!-- testSearchUser -->
  <testcase name="testEditUser" time="0.0" classname="com.profiler.scripts.UserManager">
    <skipped/>
  </testcase> <!-- testEditUser -->
  <testcase name="testDeleteUser" time="0.0" classname="com.profiler.scripts.UserManager">
    <skipped/>
  </testcase> <!-- testDeleteUser -->
  <testcase name="testCreateRole" time="297.52" classname="com.profiler.scripts.RoleManager">
    <failure type="org.openqa.selenium.TimeoutException" message="Expected condition failed: waiting for element to be clickable: By.xpath: //a[text()=&amp;apos;User Management&amp;apos;] (tried for 200 second(s) with 500 milliseconds interval)">
      <![CDATA[org.openqa.selenium.TimeoutException: Expected condition failed: waiting for element to be clickable: By.xpath: //a[text()='User Management'] (tried for 200 second(s) with 500 milliseconds interval)
	at org.openqa.selenium.support.ui.WebDriverWait.timeoutException(WebDriverWait.java:81)
	at org.openqa.selenium.support.ui.FluentWait.until(FluentWait.java:271)
	at com.profiler.utils.RoleManagerUtil.assignActionsToRole(RoleManagerUtil.java:115)
	at com.profiler.utils.RoleManagerUtil.createRole(RoleManagerUtil.java:42)
	at com.profiler.scripts.RoleManager.testCreateRole(RoleManager.java:32)
Caused by: org.openqa.selenium.NoSuchElementException: Cannot locate an element using By.xpath: //a[text()='User Management']
For documentation on this error, please visit: http://seleniumhq.org/exceptions/no_such_element.html
Build info: version: '3.14.0', revision: 'aacccce0', time: '2018-08-02T20:19:58.91Z'
System info: host: 'NGD24116', ip: '10.222.79.40', os.name: 'Windows 7', os.arch: 'amd64', os.version: '6.1', java.version: '1.8.0_72'
Driver info: driver.version: unknown
	at org.openqa.selenium.support.ui.ExpectedConditions.lambda$findElement$0(ExpectedConditions.java:896)
	at java.util.Optional.orElseThrow(Optional.java:290)
	at org.openqa.selenium.support.ui.ExpectedConditions.findElement(ExpectedConditions.java:895)
	at org.openqa.selenium.support.ui.ExpectedConditions.access$000(ExpectedConditions.java:44)
	at org.openqa.selenium.support.ui.ExpectedConditions$7.apply(ExpectedConditions.java:206)
	at org.openqa.selenium.support.ui.ExpectedConditions$7.apply(ExpectedConditions.java:202)
	at org.openqa.selenium.support.ui.ExpectedConditions$22.apply(ExpectedConditions.java:657)
	at org.openqa.selenium.support.ui.ExpectedConditions$22.apply(ExpectedConditions.java:654)
	at org.openqa.selenium.support.ui.FluentWait.until(FluentWait.java:248)
	... 27 more
... Removed 24 stack frames]]>
    </failure>
  </testcase> <!-- testCreateRole -->
  <testcase name="testCreateUserGroup" time="265.935" classname="com.profiler.scripts.RoleManager">
    <failure type="java.lang.AssertionError" message="UserGroup Creation failed">
      <![CDATA[java.lang.AssertionError: UserGroup Creation failed
	at com.profiler.scripts.RoleManager.testCreateUserGroup(RoleManager.java:98)
... Removed 25 stack frames]]>
    </failure>
  </testcase> <!-- testCreateUserGroup -->
  <testcase name="testDeleteRole" time="258.95" classname="com.profiler.scripts.RoleManager">
    <failure type="org.openqa.selenium.TimeoutException" message="Expected condition failed: waiting for element to be clickable: By.xpath: //a[text()=&amp;apos;User Management&amp;apos;] (tried for 200 second(s) with 500 milliseconds interval)">
      <![CDATA[org.openqa.selenium.TimeoutException: Expected condition failed: waiting for element to be clickable: By.xpath: //a[text()='User Management'] (tried for 200 second(s) with 500 milliseconds interval)
	at org.openqa.selenium.support.ui.WebDriverWait.timeoutException(WebDriverWait.java:81)
	at org.openqa.selenium.support.ui.FluentWait.until(FluentWait.java:271)
	at com.profiler.utils.RoleManagerUtil.assignActionsToRole(RoleManagerUtil.java:115)
	at com.profiler.utils.RoleManagerUtil.createRole(RoleManagerUtil.java:42)
	at com.profiler.scripts.RoleManager.testDeleteRole(RoleManager.java:60)
Caused by: org.openqa.selenium.NoSuchElementException: Cannot locate an element using By.xpath: //a[text()='User Management']
For documentation on this error, please visit: http://seleniumhq.org/exceptions/no_such_element.html
Build info: version: '3.14.0', revision: 'aacccce0', time: '2018-08-02T20:19:58.91Z'
System info: host: 'NGD24116', ip: '10.222.79.40', os.name: 'Windows 7', os.arch: 'amd64', os.version: '6.1', java.version: '1.8.0_72'
Driver info: driver.version: unknown
	at org.openqa.selenium.support.ui.ExpectedConditions.lambda$findElement$0(ExpectedConditions.java:896)
	at java.util.Optional.orElseThrow(Optional.java:290)
	at org.openqa.selenium.support.ui.ExpectedConditions.findElement(ExpectedConditions.java:895)
	at org.openqa.selenium.support.ui.ExpectedConditions.access$000(ExpectedConditions.java:44)
	at org.openqa.selenium.support.ui.ExpectedConditions$7.apply(ExpectedConditions.java:206)
	at org.openqa.selenium.support.ui.ExpectedConditions$7.apply(ExpectedConditions.java:202)
	at org.openqa.selenium.support.ui.ExpectedConditions$22.apply(ExpectedConditions.java:657)
	at org.openqa.selenium.support.ui.ExpectedConditions$22.apply(ExpectedConditions.java:654)
	at org.openqa.selenium.support.ui.FluentWait.until(FluentWait.java:248)
	... 27 more
... Removed 24 stack frames]]>
    </failure>
  </testcase> <!-- testDeleteRole -->
</testsuite> <!-- Users-RolesTest -->
